SF:lib\core\models\failure.dart
DA:6,8
DA:8,0
DA:9,0
DA:13,8
LF:4
LH:2
end_of_record
SF:lib\features\customer\domain\customer.entity.dart
DA:24,8
DA:34,2
DA:35,2
DA:36,2
DA:37,2
DA:38,2
DA:39,2
DA:40,2
DA:41,2
LF:9
LH:9
end_of_record
SF:lib\features\customer\domain\usecases\add_customer.usecase.dart
DA:9,1
DA:11,1
DA:12,2
LF:3
LH:3
end_of_record
SF:lib\features\customer\domain\usecases\update_customer.usecase.dart
DA:9,1
DA:11,1
DA:12,2
LF:3
LH:3
end_of_record
SF:lib\core\models\custom_field.dart
DA:9,1
DA:10,5
DA:12,15
DA:18,0
DA:23,0
DA:30,0
DA:31,0
LF:7
LH:3
end_of_record
SF:lib\core\utils\app.utils.dart
DA:3,9
DA:5,0
LF:2
LH:1
end_of_record
SF:lib\core\utils\string_validation.ext.util.dart
DA:2,1
DA:3,2
DA:5,1
DA:6,1
DA:7,2
DA:9,1
DA:10,3
DA:12,1
DA:13,1
DA:14,2
DA:16,0
DA:18,0
DA:20,0
DA:21,0
DA:23,1
DA:24,1
DA:25,2
DA:28,4
DA:35,1
DA:36,1
DA:37,1
DA:41,1
DA:42,1
DA:43,1
DA:47,1
DA:48,1
DA:49,1
DA:53,0
DA:54,0
DA:55,0
DA:59,0
DA:60,0
DA:61,0
DA:65,0
DA:66,0
DA:67,0
DA:71,1
DA:72,1
DA:73,1
DA:77,1
DA:78,1
DA:79,1
DA:83,0
DA:84,0
LF:44
LH:29
end_of_record
SF:lib\core\utils\time.util.dart
DA:2,1
DA:3,4
DA:5,3
DA:6,3
DA:7,6
DA:8,6
DA:9,6
DA:10,6
DA:11,3
DA:15,2
DA:16,4
LF:11
LH:11
end_of_record
SF:lib\features\app\app_routes.dart
DA:16,0
DA:17,0
DA:18,0
DA:19,0
DA:21,0
DA:26,0
DA:27,0
DA:28,0
DA:29,0
DA:30,0
DA:35,0
DA:37,0
DA:38,0
DA:39,0
DA:40,0
DA:41,0
LF:16
LH:0
end_of_record
SF:lib\features\customer\presentation\addCustomer\add_or_update_customer.page.dart
DA:16,4
DA:17,0
DA:20,4
DA:22,4
DA:26,4
DA:28,8
DA:29,9
DA:30,3
DA:31,6
DA:35,4
DA:38,4
DA:40,4
DA:41,4
DA:45,4
DA:47,4
DA:48,4
DA:49,4
DA:50,4
DA:51,4
DA:52,8
DA:56,4
DA:57,4
DA:58,8
DA:59,0
DA:60,0
DA:63,0
DA:64,8
DA:66,0
DA:67,0
DA:68,0
DA:71,0
DA:77,0
DA:79,0
DA:81,0
DA:85,4
DA:86,8
DA:87,4
DA:88,4
DA:89,4
DA:90,16
DA:93,16
DA:95,0
DA:96,0
DA:97,0
LF:44
LH:30
end_of_record
SF:lib\features\customer\presentation\addCustomer\bloc\add_customer.bloc.dart
DA:20,1
DA:23,1
DA:24,2
DA:25,2
DA:26,2
DA:27,2
DA:28,2
DA:29,2
DA:30,2
DA:31,2
DA:32,2
DA:35,0
DA:37,0
DA:38,0
DA:39,0
DA:40,0
DA:41,0
DA:42,0
DA:43,0
DA:44,0
DA:45,0
DA:47,0
DA:48,0
DA:49,0
DA:50,0
DA:51,0
DA:53,0
DA:55,0
DA:63,1
DA:65,2
DA:66,1
DA:67,1
DA:68,2
DA:69,2
DA:72,2
DA:75,1
DA:77,2
DA:78,1
DA:79,1
DA:80,2
DA:81,2
DA:84,2
DA:87,1
DA:89,2
DA:90,1
DA:91,1
DA:92,2
DA:93,2
DA:96,2
DA:99,1
DA:101,2
DA:102,1
DA:103,1
DA:104,2
DA:105,2
DA:108,2
DA:111,1
DA:113,2
DA:114,2
DA:115,1
DA:117,1
DA:118,1
DA:121,2
DA:124,1
DA:126,2
DA:127,1
DA:128,1
DA:129,2
DA:132,2
DA:135,2
DA:138,1
DA:140,3
DA:141,3
DA:142,3
DA:143,3
DA:144,3
DA:145,3
DA:147,3
DA:148,3
DA:149,3
DA:150,3
DA:151,3
DA:152,3
DA:157,1
DA:160,1
DA:162,1
DA:165,0
DA:167,0
LF:88
LH:69
end_of_record
SF:lib\features\customer\presentation\customerList\bloc\customer_list.bloc.dart
DA:12,1
DA:15,2
DA:16,2
DA:17,2
DA:20,0
DA:22,1
DA:24,2
DA:25,2
DA:26,2
DA:27,3
DA:28,3
DA:32,0
DA:35,0
DA:36,0
DA:37,0
DA:38,0
DA:39,0
DA:40,0
LF:18
LH:10
end_of_record
SF:lib\features\customer\presentation\customerList\bloc\customer_list.event.dart
DA:5,2
DA:6,2
DA:14,2
LF:3
LH:3
end_of_record
SF:lib\features\customer\presentation\customerList\customer_list.page.dart
DA:13,10
DA:15,2
DA:17,2
DA:18,2
DA:22,2
DA:23,2
DA:24,4
DA:25,0
DA:31,2
DA:32,2
DA:33,2
DA:35,2
DA:37,2
DA:38,2
DA:40,2
DA:42,4
DA:43,2
DA:44,2
DA:46,2
DA:47,4
DA:49,4
DA:54,2
DA:55,4
LF:23
LH:22
end_of_record
SF:lib\features\app\widgets\custom_button.dart
DA:12,4
DA:24,4
DA:26,4
DA:28,4
DA:31,4
DA:32,4
DA:33,4
DA:34,16
DA:35,4
DA:36,8
DA:37,4
DA:40,8
DA:49,4
DA:50,4
DA:52,16
LF:15
LH:15
end_of_record
SF:lib\features\app\widgets\custom_form_text_field.dart
DA:42,4
DA:70,4
DA:72,4
DA:73,4
DA:81,4
DA:83,4
DA:84,16
DA:87,4
DA:89,8
DA:90,4
DA:93,4
DA:95,4
DA:96,20
DA:97,4
DA:99,4
DA:100,12
DA:101,4
DA:102,8
DA:103,8
DA:104,4
DA:105,4
DA:107,12
DA:108,4
DA:109,4
DA:110,8
DA:113,20
DA:114,8
DA:115,8
DA:117,12
DA:118,8
DA:119,8
DA:121,8
DA:122,2
DA:123,4
DA:124,6
DA:125,4
DA:126,2
DA:132,8
DA:134,16
DA:135,2
DA:136,4
DA:137,2
DA:138,6
DA:141,4
DA:142,12
DA:143,12
DA:144,4
DA:145,8
DA:148,8
DA:149,8
DA:150,0
DA:151,0
DA:152,0
DA:154,0
DA:155,0
DA:156,0
DA:160,4
DA:162,8
DA:163,12
DA:164,4
DA:165,4
DA:166,4
DA:168,8
DA:169,16
DA:171,8
DA:172,0
DA:174,0
DA:175,0
DA:176,0
DA:187,8
DA:193,4
DA:194,8
DA:195,4
DA:196,0
DA:197,4
DA:198,4
DA:199,0
DA:200,0
LF:78
LH:65
end_of_record
SF:lib\features\app\widgets\custom_text_field_container.dart
DA:11,4
DA:17,4
DA:19,4
DA:21,4
DA:23,4
DA:24,4
DA:25,4
DA:26,12
DA:27,4
DA:28,10
DA:29,4
DA:33,4
LF:12
LH:12
end_of_record
SF:lib\features\app\widgets\custom_text_field_error.dart
DA:10,8
DA:12,4
DA:14,4
DA:16,4
DA:17,4
DA:19,8
DA:20,2
DA:22,2
DA:23,2
DA:24,2
DA:25,2
DA:26,2
DA:28,2
DA:31,2
DA:32,2
DA:33,2
DA:34,8
DA:35,2
LF:18
LH:18
end_of_record
SF:lib\features\app\widgets\custom_text_field_suffix.dart
DA:10,4
DA:14,4
DA:16,4
DA:17,4
DA:21,12
DA:24,4
DA:26,4
DA:27,10
DA:28,6
DA:29,2
DA:30,4
DA:31,2
DA:35,2
DA:36,0
DA:37,0
DA:44,4
DA:46,4
DA:48,4
DA:49,4
DA:51,4
DA:52,2
DA:53,0
DA:54,0
DA:55,0
DA:58,2
DA:60,2
LF:26
LH:21
end_of_record
SF:lib\features\app\widgets\label.dart
DA:7,16
DA:9,4
DA:11,4
DA:12,4
DA:14,4
DA:15,4
DA:16,16
DA:17,4
LF:8
LH:8
end_of_record
SF:lib\features\app\widgets\date_picker.widget.dart
DA:9,4
DA:11,4
DA:16,4
DA:18,4
DA:20,4
DA:22,4
DA:23,4
DA:24,4
DA:25,4
DA:27,8
DA:29,4
DA:30,6
DA:31,4
DA:32,2
DA:33,6
LF:15
LH:15
end_of_record
SF:lib\features\app\widgets\icon_text.widget.dart
DA:5,2
DA:6,2
DA:10,2
DA:12,2
DA:14,2
DA:17,2
DA:18,4
DA:20,2
DA:21,2
DA:24,8
LF:10
LH:10
end_of_record
SF:lib\features\customer\domain\usecases\delete_customer.usecase.dart
DA:9,1
DA:11,1
DA:12,2
LF:3
LH:3
end_of_record
SF:lib\features\customer\domain\usecases\get_customer_list.usecase.dart
DA:9,1
DA:11,1
DA:12,2
LF:3
LH:3
end_of_record
SF:lib\features\customer\presentation\addCustomer\add_customer_form_keys.dart
DA:4,12
DA:5,12
DA:6,12
DA:7,12
DA:8,12
DA:9,12
DA:11,12
LF:7
LH:7
end_of_record
SF:lib\features\customer\presentation\addCustomer\bloc\add_customer.event.dart
DA:5,0
DA:6,0
DA:10,0
DA:14,1
DA:20,3
DA:22,1
DA:23,2
DA:29,3
DA:31,1
DA:32,2
DA:38,3
DA:40,1
DA:41,2
DA:47,3
DA:49,1
DA:50,2
DA:56,3
DA:58,1
DA:59,2
DA:65,3
DA:67,1
DA:68,2
DA:74,3
DA:76,0
DA:77,0
LF:25
LH:20
end_of_record
SF:lib\features\customer\presentation\addCustomer\bloc\add_customer.state.dart
DA:19,21
DA:32,1
DA:33,1
DA:34,1
DA:35,1
DA:36,1
DA:37,1
DA:38,1
DA:39,1
DA:40,1
DA:41,1
DA:42,1
DA:43,1
DA:46,3
DA:58,3
DA:59,3
DA:60,3
DA:61,3
DA:62,3
DA:63,3
DA:64,3
DA:65,3
DA:66,3
DA:67,3
DA:68,3
DA:74,19
DA:75,1
LF:27
LH:27
end_of_record
SF:lib\features\customer\presentation\addCustomer\widgets\add_customer_form.widget.dart
DA:13,4
DA:14,4
DA:17,4
DA:18,4
DA:25,4
DA:27,4
DA:28,20
DA:31,4
DA:33,8
DA:34,4
DA:36,4
DA:39,4
DA:41,4
DA:42,8
DA:43,0
DA:44,4
DA:45,8
DA:46,4
DA:47,4
DA:49,4
DA:50,4
DA:51,4
DA:52,4
DA:53,6
DA:54,2
DA:56,11
DA:59,8
DA:60,8
DA:63,16
DA:64,2
DA:65,2
DA:66,2
DA:67,2
DA:68,2
DA:70,4
DA:71,4
DA:72,6
DA:73,2
DA:75,11
DA:77,8
DA:78,8
DA:81,16
DA:82,2
DA:83,2
DA:84,2
DA:85,2
DA:86,2
DA:88,4
DA:89,4
DA:90,6
DA:91,2
DA:93,11
DA:95,8
DA:96,8
DA:99,16
DA:100,2
DA:101,8
DA:103,4
DA:104,4
DA:105,6
DA:106,2
DA:108,11
DA:110,8
DA:111,8
DA:114,16
DA:115,2
DA:116,8
DA:118,4
DA:119,4
DA:120,6
DA:121,2
DA:123,11
DA:125,8
DA:128,4
DA:129,4
DA:130,4
DA:131,4
DA:132,2
DA:133,2
DA:134,2
DA:135,2
DA:136,2
DA:138,4
DA:139,4
DA:140,11
DA:141,2
DA:142,4
DA:143,2
LF:88
LH:87
end_of_record
SF:lib\features\customer\presentation\addCustomer\utils\add_customer.util.dart
DA:8,0
DA:9,0
DA:10,0
DA:11,0
DA:15,0
DA:16,0
DA:20,0
DA:21,0
DA:25,0
DA:26,0
DA:30,0
DA:31,0
DA:35,0
DA:36,0
LF:14
LH:0
end_of_record
SF:lib\features\customer\presentation\customerList\bloc\customer_list.state.dart
DA:5,1
DA:6,1
DA:15,3
DA:20,3
LF:4
LH:4
end_of_record
SF:lib\features\customer\presentation\customerList\widgets\customer_list_empty.widget.dart
DA:6,8
DA:8,2
DA:10,2
DA:11,2
DA:14,2
DA:15,2
DA:16,10
LF:7
LH:7
end_of_record
SF:lib\features\customer\presentation\customerList\widgets\customer_list_error.widget.dart
DA:6,4
DA:9,2
DA:11,2
DA:12,2
DA:15,2
DA:16,2
DA:17,10
LF:7
LH:7
end_of_record
SF:lib\features\customer\presentation\customerList\widgets\customer_list_item.widget.dart
DA:12,2
DA:14,2
DA:18,2
DA:20,2
DA:23,2
DA:24,2
DA:26,2
DA:27,2
DA:28,2
DA:35,2
DA:38,2
DA:39,2
DA:40,2
DA:41,2
DA:42,2
DA:43,10
DA:46,2
DA:47,4
DA:50,2
DA:51,4
DA:54,2
DA:55,4
DA:58,2
DA:59,4
DA:65,2
DA:66,2
DA:67,2
DA:68,6
DA:69,2
DA:71,2
DA:74,2
DA:75,2
DA:76,0
DA:77,0
DA:86,2
DA:87,6
DA:88,2
DA:89,4
DA:90,4
LF:39
LH:37
end_of_record
SF:lib\features\customer\presentation\customerList\widgets\customer_list_loading.widget.dart
DA:4,8
DA:6,1
DA:8,1
DA:9,1
DA:12,1
DA:14,5
LF:6
LH:6
end_of_record
